<?xml version="1.0" encoding="UTF-8"?>
<testsuite name="com.cabInvoice.InvoiceServiceTest" tests="1" skipped="0" failures="0" errors="0" timestamp="2021-04-30T16:11:08" hostname="RAKESH" time="0.029">
  <properties/>
  <testcase name="givenMultipleRides_ShouldReturnTotalFare()" classname="com.cabInvoice.InvoiceServiceTest" time="0.029"/>
  <system-out><![CDATA[30.0
]]></system-out>
  <system-err><![CDATA[]]></system-err>
</testsuite>
