<?xml version="1.0" encoding="UTF-8"?>
<testsuite name="com.cabInvoice.InvoiceServiceTest" tests="1" skipped="0" failures="0" errors="0" timestamp="2021-04-30T17:25:09" hostname="RAKESH" time="0.023">
  <properties/>
  <testcase name="givenMultipleRides_ShouldReturnInvoiceSummary()" classname="com.cabInvoice.InvoiceServiceTest" time="0.023"/>
  <system-out><![CDATA[]]></system-out>
  <system-err><![CDATA[]]></system-err>
</testsuite>
